<?xml version="1.0" encoding="UTF-8"?>
<testng-results ignored="0" total="1" passed="1" failed="0" skipped="0">
  <reporter-output>
  </reporter-output>
  <suite started-at="2025-06-19T13:10:32 IST" name="Default suite" finished-at="2025-06-19T13:10:57 IST" duration-ms="24291">
    <groups>
      <group name="Regression">
        <method signature="EndtoEndTestcase.endToEndTest(java.lang.String,java.lang.String,java.lang.String)[pri:0, instance:com.myshop.testcases.EndtoEndTestcase@682b2fa]" name="endToEndTest" class="com.myshop.testcases.EndtoEndTestcase"/>
      </group> <!-- Regression -->
    </groups>
    <test started-at="2025-06-19T13:10:32 IST" name="Default test" finished-at="2025-06-19T13:10:57 IST" duration-ms="24291">
      <class name="com.myshop.testcases.EndtoEndTestcase">
        <test-method is-config="true" signature="loadConfig()[pri:0, instance:com.myshop.testcases.EndtoEndTestcase@682b2fa]" started-at="2025-06-19T13:10:32 IST" name="loadConfig" finished-at="2025-06-19T13:10:32 IST" duration-ms="367" status="PASS">
          <reporter-output>
          </reporter-output>
        </test-method> <!-- loadConfig -->
        <test-method is-config="true" signature="setup(java.lang.String)[pri:0, instance:com.myshop.testcases.EndtoEndTestcase@682b2fa]" started-at="2025-06-19T13:10:34 IST" name="setup" finished-at="2025-06-19T13:10:41 IST" duration-ms="7124" status="PASS">
          <params>
            <param index="0">
              <value>
                <![CDATA[Chrome]]>
              </value>
            </param>
          </params>
          <reporter-output>
          </reporter-output>
        </test-method> <!-- setup -->
        <test-method signature="endToEndTest(java.lang.String,java.lang.String,java.lang.String)[pri:0, instance:com.myshop.testcases.EndtoEndTestcase@682b2fa]" started-at="2025-06-19T13:10:41 IST" name="endToEndTest" data-provider="getProduct" finished-at="2025-06-19T13:10:56 IST" duration-ms="15245" status="PASS">
          <params>
            <param index="0">
              <value>
                <![CDATA[dresses]]>
              </value>
            </param>
            <param index="1">
              <value>
                <![CDATA[2.0]]>
              </value>
            </param>
            <param index="2">
              <value>
                <![CDATA[L]]>
              </value>
            </param>
          </params>
          <reporter-output>
          </reporter-output>
        </test-method> <!-- endToEndTest -->
        <test-method is-config="true" signature="tearDown()[pri:0, instance:com.myshop.testcases.EndtoEndTestcase@682b2fa]" started-at="2025-06-19T13:10:56 IST" name="tearDown" finished-at="2025-06-19T13:10:57 IST" duration-ms="302" status="PASS">
          <reporter-output>
          </reporter-output>
        </test-method> <!-- tearDown -->
        <test-method is-config="true" signature="afterSuite()[pri:0, instance:com.myshop.testcases.EndtoEndTestcase@682b2fa]" started-at="2025-06-19T13:10:57 IST" name="afterSuite" finished-at="2025-06-19T13:10:57 IST" duration-ms="1" status="FAIL">
          <exception class="java.lang.NullPointerException">
            <message>
              <![CDATA[Cannot invoke "com.aventstack.extentreports.ExtentReports.flush()" because "com.myshop.utility.ExtentManager.extent" is null]]>
            </message>
            <full-stacktrace>
              <![CDATA[java.lang.NullPointerException: Cannot invoke "com.aventstack.extentreports.ExtentReports.flush()" because "com.myshop.utility.ExtentManager.extent" is null
at com.myshop.utility.ExtentManager.endReport(ExtentManager.java:30)
at com.myshop.basepackage.BaseClass.afterSuite(BaseClass.java:77)
at java.base/jdk.internal.reflect.DirectMethodHandleAccessor.invoke(DirectMethodHandleAccessor.java:103)
at java.base/java.lang.reflect.Method.invoke(Method.java:580)
at org.testng.internal.MethodInvocationHelper.invokeMethod(MethodInvocationHelper.java:133)
at org.testng.internal.MethodInvocationHelper.invokeMethodConsideringTimeout(MethodInvocationHelper.java:62)
at org.testng.internal.ConfigInvoker.invokeConfigurationMethod(ConfigInvoker.java:385)
at org.testng.internal.ConfigInvoker.invokeConfigurations(ConfigInvoker.java:321)
at org.testng.SuiteRunner.privateRun(SuiteRunner.java:344)
at org.testng.SuiteRunner.run(SuiteRunner.java:276)
at org.testng.SuiteRunnerWorker.runSuite(SuiteRunnerWorker.java:53)
at org.testng.SuiteRunnerWorker.run(SuiteRunnerWorker.java:96)
at org.testng.TestNG.runSuitesSequentially(TestNG.java:1212)
at org.testng.TestNG.runSuitesLocally(TestNG.java:1134)
at org.testng.TestNG.runSuites(TestNG.java:1063)
at org.testng.TestNG.run(TestNG.java:1031)
at org.testng.remote.AbstractRemoteTestNG.run(AbstractRemoteTestNG.java:115)
at org.testng.remote.RemoteTestNG.initAndRun(RemoteTestNG.java:293)
at org.testng.remote.RemoteTestNG.main(RemoteTestNG.java:91)
]]>
            </full-stacktrace>
          </exception> <!-- java.lang.NullPointerException -->
          <reporter-output>
          </reporter-output>
        </test-method> <!-- afterSuite -->
      </class> <!-- com.myshop.testcases.EndtoEndTestcase -->
    </test> <!-- Default test -->
  </suite> <!-- Default suite -->
</testng-results>
